<?xml version="1.0" encoding="UTF-8"?>
<!-- Generated by org.testng.reporters.JUnitXMLReporter -->
<testsuite ignored="1" hostname="DESKTOP-1E77BFR" failures="0" tests="1" name="Default test" time="49.705" errors="0" timestamp="2024-01-07T22:15:17 IST">
  <testcase classname="coverFoxTest_TestNG.CF_TC555_Validate_search_results_for_healthcare_policies" name="validateSortPlanbutton" time="3.064"/>
  <testcase classname="coverFoxTest_TestNG.CF_TC555_Validate_search_results_for_healthcare_policies" name="validateTestPlansFromTextAndBanners" time="0.0">
    <ignored/>
  </testcase> <!-- validateTestPlansFromTextAndBanners -->
</testsuite> <!-- Default test -->
