<?xml version="1.0" encoding="UTF-8"?>
<!-- Generated by org.testng.reporters.JUnitXMLReporter -->
<testsuite ignored="0" hostname="DESKTOP-1E77BFR" failures="2" tests="8" name="Test" time="0.115" errors="0" timestamp="2024-01-03T15:04:39 IST">
  <testcase classname="testNg1.MyClass2" name="f" time="0.014">
    <failure type="java.lang.AssertionError" message="null">
      <![CDATA[java.lang.AssertionError: null
at testNg1.MyClass2.f(MyClass2.java:18)
at java.base/java.util.ArrayList.forEach(ArrayList.java:1511)
... Removed 27 stack frames]]>
    </failure>
  </testcase> <!-- f -->
  <testcase classname="testNg1.MyClass2" name="h" time="0.002"/>
  <testcase classname="testNg1.MyClass2" name="e" time="0.002"/>
  <testcase classname="testNg1.MyClass2" name="g" time="0.0">
    <skipped/>
  </testcase> <!-- g -->
  <testcase classname="testNg1.MyClass1" name="a" time="0.003"/>
  <testcase classname="testNg1.MyClass1" name="b" time="0.002">
    <failure type="java.lang.AssertionError" message="null">
      <![CDATA[java.lang.AssertionError: null
at testNg1.MyClass1.b(MyClass1.java:17)
at java.base/java.util.ArrayList.forEach(ArrayList.java:1511)
... Removed 27 stack frames]]>
    </failure>
  </testcase> <!-- b -->
  <testcase classname="testNg1.MyClass1" name="d" time="0.002"/>
  <testcase classname="testNg1.MyClass1" name="c" time="0.0">
    <skipped/>
  </testcase> <!-- c -->
</testsuite> <!-- Test -->
